<?xml version="1.0" encoding="UTF-8"?>
<!-- Generated by org.testng.reporters.JUnitReportReporter -->
<testsuite hostname="EBHAVIMA-G0UU2" name="com.testng.SampleTest" tests="1" failures="0" timestamp="7 Oct 2017 06:23:21 GMT" time="0.005" errors="0">
  <testcase name="sampleTestngExample" time="0.005" classname="com.testng.SampleTest"/>
</testsuite> <!-- com.testng.SampleTest -->
